[a01_ld1080p1] loading detections ...
[a01_ld1080p1] running fpath_freeze ...
  -> C:\Users\Owner\Documents\Github\ld\data\detect\evidence\a01_ld1080p1_fpath_freeze.mp4
[a02_ld1080p2] loading detections ...
[a02_ld1080p2] running fpath_freeze ...
  -> C:\Users\Owner\Documents\Github\ld\data\detect\evidence\a02_ld1080p2_fpath_freeze.mp4
[a03_ld1440p1] loading detections ...
[a03_ld1440p1] running fpath_freeze ...
  -> C:\Users\Owner\Documents\Github\ld\data\detect\evidence\a03_ld1440p1_fpath_freeze.mp4
[a04_maplestory_2026_04_19_1_12_53_pm] loading detections ...
[a04_maplestory_2026_04_19_1_12_53_pm] running fpath_freeze ...
  -> C:\Users\Owner\Documents\Github\ld\data\detect\evidence\a04_maplestory_2026_04_19_1_12_53_pm_fpath_freeze.mp4
[a05_maplestory_2026_04_19_2_09_05_pm] loading detections ...
[a05_maplestory_2026_04_19_2_09_05_pm] running fpath_freeze ...
  -> C:\Users\Owner\Documents\Github\ld\data\detect\evidence\a05_maplestory_2026_04_19_2_09_05_pm_fpath_freeze.mp4
[a06_maplestory_2026_05_24_3_04_32_pm] loading detections ...
[a06_maplestory_2026_05_24_3_04_32_pm] running fpath_freeze ...
  -> C:\Users\Owner\Documents\Github\ld\data\detect\evidence\a06_maplestory_2026_05_24_3_04_32_pm_fpath_freeze.mp4
[a07_maplestory_2026_05_24_3_25_21_pm] loading detections ...
[a07_maplestory_2026_05_24_3_25_21_pm] running fpath_freeze ...
  -> C:\Users\Owner\Documents\Github\ld\data\detect\evidence\a07_maplestory_2026_05_24_3_25_21_pm_fpath_freeze.mp4
[a08_maplestory_2026_05_24_5_15_42_pm] loading detections ...
[a08_maplestory_2026_05_24_5_15_42_pm] running fpath_freeze ...
  -> C:\Users\Owner\Documents\Github\ld\data\detect\evidence\a08_maplestory_2026_05_24_5_15_42_pm_fpath_freeze.mp4
[a09_maplestory_2026_05_24_5_51_39_pm] loading detections ...
[a09_maplestory_2026_05_24_5_51_39_pm] running fpath_freeze ...
  -> C:\Users\Owner\Documents\Github\ld\data\detect\evidence\a09_maplestory_2026_05_24_5_51_39_pm_fpath_freeze.mp4
[a10_maplestory_2026_05_24_9_04_20_pm] loading detections ...
[a10_maplestory_2026_05_24_9_04_20_pm] running fpath_freeze ...
  -> C:\Users\Owner\Documents\Github\ld\data\detect\evidence\a10_maplestory_2026_05_24_9_04_20_pm_fpath_freeze.mp4
[a11_maplestory_2026_05_25_1_24_55_pm] loading detections ...
[a11_maplestory_2026_05_25_1_24_55_pm] running fpath_freeze ...
  -> C:\Users\Owner\Documents\Github\ld\data\detect\evidence\a11_maplestory_2026_05_25_1_24_55_pm_fpath_freeze.mp4
[a12_maplestory_2026_05_25_10_42_47_pm] loading detections ...
[a12_maplestory_2026_05_25_10_42_47_pm] running fpath_freeze ...
  -> C:\Users\Owner\Documents\Github\ld\data\detect\evidence\a12_maplestory_2026_05_25_10_42_47_pm_fpath_freeze.mp4
[a13_maplestory_2026_05_25_2_14_31_pm] loading detections ...
[a13_maplestory_2026_05_25_2_14_31_pm] running fpath_freeze ...
  -> C:\Users\Owner\Documents\Github\ld\data\detect\evidence\a13_maplestory_2026_05_25_2_14_31_pm_fpath_freeze.mp4
[a14_maplestory_2026_05_25_7_42_36_pm] loading detections ...
[a14_maplestory_2026_05_25_7_42_36_pm] running fpath_freeze ...
  -> C:\Users\Owner\Documents\Github\ld\data\detect\evidence\a14_maplestory_2026_05_25_7_42_36_pm_fpath_freeze.mp4
[a15_maplestory_2026_05_25_8_07_11_pm] loading detections ...
[a15_maplestory_2026_05_25_8_07_11_pm] running fpath_freeze ...
  -> C:\Users\Owner\Documents\Github\ld\data\detect\evidence\a15_maplestory_2026_05_25_8_07_11_pm_fpath_freeze.mp4

Done. Videos in C:\Users\Owner\Documents\Github\ld\data\detect\evidence
